<?xml version="1.0" encoding="UTF-8"?>
<testsuite name="NewExperiences" tests="1" skipped="0" failures="0" errors="0" timestamp="2021-02-24T18:07:26" hostname="ASUS-ROG-G750JX" time="40.108">
  <properties/>
  <testcase name="buy an T-Shirt in the pag new experience" classname="NewExperiences" time="40.108"/>
  <system-out><![CDATA[]]></system-out>
  <system-err><![CDATA[[Test worker] WARN net.thucydides.core.steps.BaseStepListener - stepStarted: net.thucydides.core.steps.ExecutedStepDescription@5122541a
Starting ChromeDriver 88.0.4324.96 (68dba2d8a0b149a1d3afac56fa74648032bcf46b-refs/branch-heads/4324@{#1784}) on port 1207
Only local connections are allowed.
Please see https://chromedriver.chromium.org/security-considerations for suggestions on keeping ChromeDriver safe.
ChromeDriver was started successfully.
feb 24, 2021 1:07:28 PM org.openqa.selenium.remote.ProtocolHandshake createSession
INFORMACIÓN: Detected dialect: W3C
[Test worker] WARN net.thucydides.core.steps.BaseStepListener - stepFinished: current outcome:buy an T-Shirt in the pag new experience:Given than ana wants to enter the page new experience
[Test worker] WARN net.thucydides.core.steps.BaseStepListener - stepStarted: net.thucydides.core.steps.ExecutedStepDescription@74b0d2e5
[Test worker] WARN net.thucydides.core.steps.BaseStepListener - stepStarted: net.thucydides.core.steps.ExecutedStepDescription@2d9cba45
[Test worker] WARN net.thucydides.core.steps.BaseStepListener - stepStarted: net.thucydides.core.steps.ExecutedStepDescription@1bc6cdcb
[Test worker] WARN net.thucydides.core.steps.BaseStepListener - stepFinished: current outcome:buy an T-Shirt in the pag new experience:Given than ana wants to enter the page new experience, When create account and search the T-shirt in the New Experience
| email | first_Name | last_name | password | day | month | year | address | city | state | postal_code | mobile_phone | address3 |
| lana13@hotmail.com | Ana | Arbelaez | lana1234 | 18 | 6 | 1995 | Street | Houston | 31 | 07636 | 32467256 | Street5 | [Ana sing in [Ana clicks on SING IN]]
[Test worker] WARN net.thucydides.core.steps.BaseStepListener - stepFinished: current outcome:buy an T-Shirt in the pag new experience:Given than ana wants to enter the page new experience, When create account and search the T-shirt in the New Experience
| email | first_Name | last_name | password | day | month | year | address | city | state | postal_code | mobile_phone | address3 |
| lana13@hotmail.com | Ana | Arbelaez | lana1234 | 18 | 6 | 1995 | Street | Houston | 31 | 07636 | 32467256 | Street5 | [Ana sing in [Ana clicks on SING IN]]
[Test worker] WARN net.thucydides.core.steps.BaseStepListener - stepStarted: net.thucydides.core.steps.ExecutedStepDescription@d66ad47
[Test worker] WARN net.thucydides.core.steps.BaseStepListener - stepStarted: net.thucydides.core.steps.ExecutedStepDescription@2bbd69a4
[Test worker] WARN net.thucydides.core.steps.BaseStepListener - stepFinished: current outcome:buy an T-Shirt in the pag new experience:Given than ana wants to enter the page new experience, When create account and search the T-shirt in the New Experience
| email | first_Name | last_name | password | day | month | year | address | city | state | postal_code | mobile_phone | address3 |
| lana13@hotmail.com | Ana | Arbelaez | lana1234 | 18 | 6 | 1995 | Street | Houston | 31 | 07636 | 32467256 | Street5 | [Ana sing in [Ana clicks on SING IN], Ana sign user [Ana enters 'lana13@hotmail.com' into where do we write the Email]]
[Test worker] WARN net.thucydides.core.steps.BaseStepListener - stepStarted: net.thucydides.core.steps.ExecutedStepDescription@30d599cc
[Test worker] WARN net.thucydides.core.steps.BaseStepListener - stepFinished: current outcome:buy an T-Shirt in the pag new experience:Given than ana wants to enter the page new experience, When create account and search the T-shirt in the New Experience
| email | first_Name | last_name | password | day | month | year | address | city | state | postal_code | mobile_phone | address3 |
| lana13@hotmail.com | Ana | Arbelaez | lana1234 | 18 | 6 | 1995 | Street | Houston | 31 | 07636 | 32467256 | Street5 | [Ana sing in [Ana clicks on SING IN], Ana sign user [Ana enters 'lana13@hotmail.com' into where do we write the Email, Ana clicks on where do we write create an account]]
[Test worker] WARN net.thucydides.core.steps.BaseStepListener - stepStarted: net.thucydides.core.steps.ExecutedStepDescription@3f08f319
[Test worker] WARN net.thucydides.core.steps.BaseStepListener - stepFinished: current outcome:buy an T-Shirt in the pag new experience:Given than ana wants to enter the page new experience, When create account and search the T-shirt in the New Experience
| email | first_Name | last_name | password | day | month | year | address | city | state | postal_code | mobile_phone | address3 |
| lana13@hotmail.com | Ana | Arbelaez | lana1234 | 18 | 6 | 1995 | Street | Houston | 31 | 07636 | 32467256 | Street5 | [Ana sing in [Ana clicks on SING IN], Ana sign user [Ana enters 'lana13@hotmail.com' into where do we write the Email, Ana clicks on where do we write create an account, Ana clicks on where do we write Gender]]
[Test worker] WARN net.thucydides.core.steps.BaseStepListener - stepStarted: net.thucydides.core.steps.ExecutedStepDescription@2ce3fcad
[Test worker] WARN net.thucydides.core.steps.BaseStepListener - stepFinished: current outcome:buy an T-Shirt in the pag new experience:Given than ana wants to enter the page new experience, When create account and search the T-shirt in the New Experience
| email | first_Name | last_name | password | day | month | year | address | city | state | postal_code | mobile_phone | address3 |
| lana13@hotmail.com | Ana | Arbelaez | lana1234 | 18 | 6 | 1995 | Street | Houston | 31 | 07636 | 32467256 | Street5 | [Ana sing in [Ana clicks on SING IN], Ana sign user [Ana enters 'lana13@hotmail.com' into where do we write the Email, Ana clicks on where do we write create an account, Ana clicks on where do we write Gender, Ana enters 'Ana' into where do we write First Name]]
[Test worker] WARN net.thucydides.core.steps.BaseStepListener - stepStarted: net.thucydides.core.steps.ExecutedStepDescription@882ead1
[Test worker] WARN net.thucydides.core.steps.BaseStepListener - stepFinished: current outcome:buy an T-Shirt in the pag new experience:Given than ana wants to enter the page new experience, When create account and search the T-shirt in the New Experience
| email | first_Name | last_name | password | day | month | year | address | city | state | postal_code | mobile_phone | address3 |
| lana13@hotmail.com | Ana | Arbelaez | lana1234 | 18 | 6 | 1995 | Street | Houston | 31 | 07636 | 32467256 | Street5 | [Ana sing in [Ana clicks on SING IN], Ana sign user [Ana enters 'lana13@hotmail.com' into where do we write the Email, Ana clicks on where do we write create an account, Ana clicks on where do we write Gender, Ana enters 'Ana' into where do we write First Name, Ana enters 'Arbelaez' into where do we write Last Name]]
[Test worker] WARN net.thucydides.core.steps.BaseStepListener - stepStarted: net.thucydides.core.steps.ExecutedStepDescription@c53ff0
[Test worker] WARN net.thucydides.core.steps.BaseStepListener - stepFinished: current outcome:buy an T-Shirt in the pag new experience:Given than ana wants to enter the page new experience, When create account and search the T-shirt in the New Experience
| email | first_Name | last_name | password | day | month | year | address | city | state | postal_code | mobile_phone | address3 |
| lana13@hotmail.com | Ana | Arbelaez | lana1234 | 18 | 6 | 1995 | Street | Houston | 31 | 07636 | 32467256 | Street5 | [Ana sing in [Ana clicks on SING IN], Ana sign user [Ana enters 'lana13@hotmail.com' into where do we write the Email, Ana clicks on where do we write create an account, Ana clicks on where do we write Gender, Ana enters 'Ana' into where do we write First Name, Ana enters 'Arbelaez' into where do we write Last Name, Ana clicks on where do we write second email]]
[Test worker] WARN net.thucydides.core.steps.BaseStepListener - stepStarted: net.thucydides.core.steps.ExecutedStepDescription@3ecc93e4
[Test worker] WARN net.thucydides.core.steps.BaseStepListener - stepFinished: current outcome:buy an T-Shirt in the pag new experience:Given than ana wants to enter the page new experience, When create account and search the T-shirt in the New Experience
| email | first_Name | last_name | password | day | month | year | address | city | state | postal_code | mobile_phone | address3 |
| lana13@hotmail.com | Ana | Arbelaez | lana1234 | 18 | 6 | 1995 | Street | Houston | 31 | 07636 | 32467256 | Street5 | [Ana sing in [Ana clicks on SING IN], Ana sign user [Ana enters 'lana13@hotmail.com' into where do we write the Email, Ana clicks on where do we write create an account, Ana clicks on where do we write Gender, Ana enters 'Ana' into where do we write First Name, Ana enters 'Arbelaez' into where do we write Last Name, Ana clicks on where do we write second email, Ana enters 'lana1234' into where do we write password]]
[Test worker] WARN net.thucydides.core.steps.BaseStepListener - stepStarted: net.thucydides.core.steps.ExecutedStepDescription@5d32c504
[Test worker] WARN net.thucydides.core.steps.BaseStepListener - stepFinished: current outcome:buy an T-Shirt in the pag new experience:Given than ana wants to enter the page new experience, When create account and search the T-shirt in the New Experience
| email | first_Name | last_name | password | day | month | year | address | city | state | postal_code | mobile_phone | address3 |
| lana13@hotmail.com | Ana | Arbelaez | lana1234 | 18 | 6 | 1995 | Street | Houston | 31 | 07636 | 32467256 | Street5 | [Ana sing in [Ana clicks on SING IN], Ana sign user [Ana enters 'lana13@hotmail.com' into where do we write the Email, Ana clicks on where do we write create an account, Ana clicks on where do we write Gender, Ana enters 'Ana' into where do we write First Name, Ana enters 'Arbelaez' into where do we write Last Name, Ana clicks on where do we write second email, Ana enters 'lana1234' into where do we write password, Ana clicks on where do we write the day of birth]]
[Test worker] WARN net.thucydides.core.steps.BaseStepListener - stepStarted: net.thucydides.core.steps.ExecutedStepDescription@5321fd45
[Test worker] WARN net.thucydides.core.steps.BaseStepListener - stepFinished: current outcome:buy an T-Shirt in the pag new experience:Given than ana wants to enter the page new experience, When create account and search the T-shirt in the New Experience
| email | first_Name | last_name | password | day | month | year | address | city | state | postal_code | mobile_phone | address3 |
| lana13@hotmail.com | Ana | Arbelaez | lana1234 | 18 | 6 | 1995 | Street | Houston | 31 | 07636 | 32467256 | Street5 | [Ana sing in [Ana clicks on SING IN], Ana sign user [Ana enters 'lana13@hotmail.com' into where do we write the Email, Ana clicks on where do we write create an account, Ana clicks on where do we write Gender, Ana enters 'Ana' into where do we write First Name, Ana enters 'Arbelaez' into where do we write Last Name, Ana clicks on where do we write second email, Ana enters 'lana1234' into where do we write password, Ana clicks on where do we write the day of birth, Ana clicks on where do we write the day of birth]]
[Test worker] WARN net.thucydides.core.steps.BaseStepListener - stepStarted: net.thucydides.core.steps.ExecutedStepDescription@4284adfa
[Test worker] WARN net.thucydides.core.steps.BaseStepListener - stepFinished: current outcome:buy an T-Shirt in the pag new experience:Given than ana wants to enter the page new experience, When create account and search the T-shirt in the New Experience
| email | first_Name | last_name | password | day | month | year | address | city | state | postal_code | mobile_phone | address3 |
| lana13@hotmail.com | Ana | Arbelaez | lana1234 | 18 | 6 | 1995 | Street | Houston | 31 | 07636 | 32467256 | Street5 | [Ana sing in [Ana clicks on SING IN], Ana sign user [Ana enters 'lana13@hotmail.com' into where do we write the Email, Ana clicks on where do we write create an account, Ana clicks on where do we write Gender, Ana enters 'Ana' into where do we write First Name, Ana enters 'Arbelaez' into where do we write Last Name, Ana clicks on where do we write second email, Ana enters 'lana1234' into where do we write password, Ana clicks on where do we write the day of birth, Ana clicks on where do we write the day of birth, Ana clicks on where do we write the year of birth]]
[Test worker] WARN net.thucydides.core.steps.BaseStepListener - stepStarted: net.thucydides.core.steps.ExecutedStepDescription@2441c336
[Test worker] WARN net.thucydides.core.steps.BaseStepListener - stepFinished: current outcome:buy an T-Shirt in the pag new experience:Given than ana wants to enter the page new experience, When create account and search the T-shirt in the New Experience
| email | first_Name | last_name | password | day | month | year | address | city | state | postal_code | mobile_phone | address3 |
| lana13@hotmail.com | Ana | Arbelaez | lana1234 | 18 | 6 | 1995 | Street | Houston | 31 | 07636 | 32467256 | Street5 | [Ana sing in [Ana clicks on SING IN], Ana sign user [Ana enters 'lana13@hotmail.com' into where do we write the Email, Ana clicks on where do we write create an account, Ana clicks on where do we write Gender, Ana enters 'Ana' into where do we write First Name, Ana enters 'Arbelaez' into where do we write Last Name, Ana clicks on where do we write second email, Ana enters 'lana1234' into where do we write password, Ana clicks on where do we write the day of birth, Ana clicks on where do we write the day of birth, Ana clicks on where do we write the year of birth, Ana enters 'Street' into where do we write address]]
[Test worker] WARN net.thucydides.core.steps.BaseStepListener - stepStarted: net.thucydides.core.steps.ExecutedStepDescription@52e4814a
[Test worker] WARN net.thucydides.core.steps.BaseStepListener - stepFinished: current outcome:buy an T-Shirt in the pag new experience:Given than ana wants to enter the page new experience, When create account and search the T-shirt in the New Experience
| email | first_Name | last_name | password | day | month | year | address | city | state | postal_code | mobile_phone | address3 |
| lana13@hotmail.com | Ana | Arbelaez | lana1234 | 18 | 6 | 1995 | Street | Houston | 31 | 07636 | 32467256 | Street5 | [Ana sing in [Ana clicks on SING IN], Ana sign user [Ana enters 'lana13@hotmail.com' into where do we write the Email, Ana clicks on where do we write create an account, Ana clicks on where do we write Gender, Ana enters 'Ana' into where do we write First Name, Ana enters 'Arbelaez' into where do we write Last Name, Ana clicks on where do we write second email, Ana enters 'lana1234' into where do we write password, Ana clicks on where do we write the day of birth, Ana clicks on where do we write the day of birth, Ana clicks on where do we write the year of birth, Ana enters 'Street' into where do we write address, Ana enters 'Houston' into where do we write city]]
[Test worker] WARN net.thucydides.core.steps.BaseStepListener - stepStarted: net.thucydides.core.steps.ExecutedStepDescription@25b1632b
[Test worker] WARN net.thucydides.core.steps.BaseStepListener - stepFinished: current outcome:buy an T-Shirt in the pag new experience:Given than ana wants to enter the page new experience, When create account and search the T-shirt in the New Experience
| email | first_Name | last_name | password | day | month | year | address | city | state | postal_code | mobile_phone | address3 |
| lana13@hotmail.com | Ana | Arbelaez | lana1234 | 18 | 6 | 1995 | Street | Houston | 31 | 07636 | 32467256 | Street5 | [Ana sing in [Ana clicks on SING IN], Ana sign user [Ana enters 'lana13@hotmail.com' into where do we write the Email, Ana clicks on where do we write create an account, Ana clicks on where do we write Gender, Ana enters 'Ana' into where do we write First Name, Ana enters 'Arbelaez' into where do we write Last Name, Ana clicks on where do we write second email, Ana enters 'lana1234' into where do we write password, Ana clicks on where do we write the day of birth, Ana clicks on where do we write the day of birth, Ana clicks on where do we write the year of birth, Ana enters 'Street' into where do we write address, Ana enters 'Houston' into where do we write city, Ana clicks on where do we write the state]]
[Test worker] WARN net.thucydides.core.steps.BaseStepListener - stepStarted: net.thucydides.core.steps.ExecutedStepDescription@54539076
[Test worker] WARN net.thucydides.core.steps.BaseStepListener - stepFinished: current outcome:buy an T-Shirt in the pag new experience:Given than ana wants to enter the page new experience, When create account and search the T-shirt in the New Experience
| email | first_Name | last_name | password | day | month | year | address | city | state | postal_code | mobile_phone | address3 |
| lana13@hotmail.com | Ana | Arbelaez | lana1234 | 18 | 6 | 1995 | Street | Houston | 31 | 07636 | 32467256 | Street5 | [Ana sing in [Ana clicks on SING IN], Ana sign user [Ana enters 'lana13@hotmail.com' into where do we write the Email, Ana clicks on where do we write create an account, Ana clicks on where do we write Gender, Ana enters 'Ana' into where do we write First Name, Ana enters 'Arbelaez' into where do we write Last Name, Ana clicks on where do we write second email, Ana enters 'lana1234' into where do we write password, Ana clicks on where do we write the day of birth, Ana clicks on where do we write the day of birth, Ana clicks on where do we write the year of birth, Ana enters 'Street' into where do we write address, Ana enters 'Houston' into where do we write city, Ana clicks on where do we write the state, Ana enters '07636' into where do we write postcode]]
[Test worker] WARN net.thucydides.core.steps.BaseStepListener - stepStarted: net.thucydides.core.steps.ExecutedStepDescription@536aaae9
[Test worker] WARN net.thucydides.core.steps.BaseStepListener - stepFinished: current outcome:buy an T-Shirt in the pag new experience:Given than ana wants to enter the page new experience, When create account and search the T-shirt in the New Experience
| email | first_Name | last_name | password | day | month | year | address | city | state | postal_code | mobile_phone | address3 |
| lana13@hotmail.com | Ana | Arbelaez | lana1234 | 18 | 6 | 1995 | Street | Houston | 31 | 07636 | 32467256 | Street5 | [Ana sing in [Ana clicks on SING IN], Ana sign user [Ana enters 'lana13@hotmail.com' into where do we write the Email, Ana clicks on where do we write create an account, Ana clicks on where do we write Gender, Ana enters 'Ana' into where do we write First Name, Ana enters 'Arbelaez' into where do we write Last Name, Ana clicks on where do we write second email, Ana enters 'lana1234' into where do we write password, Ana clicks on where do we write the day of birth, Ana clicks on where do we write the day of birth, Ana clicks on where do we write the year of birth, Ana enters 'Street' into where do we write address, Ana enters 'Houston' into where do we write city, Ana clicks on where do we write the state, Ana enters '07636' into where do we write postcode, Ana clicks on where do we write country]]
[Test worker] WARN net.thucydides.core.steps.BaseStepListener - stepStarted: net.thucydides.core.steps.ExecutedStepDescription@64b45c3
[Test worker] WARN net.thucydides.core.steps.BaseStepListener - stepFinished: current outcome:buy an T-Shirt in the pag new experience:Given than ana wants to enter the page new experience, When create account and search the T-shirt in the New Experience
| email | first_Name | last_name | password | day | month | year | address | city | state | postal_code | mobile_phone | address3 |
| lana13@hotmail.com | Ana | Arbelaez | lana1234 | 18 | 6 | 1995 | Street | Houston | 31 | 07636 | 32467256 | Street5 | [Ana sing in [Ana clicks on SING IN], Ana sign user [Ana enters 'lana13@hotmail.com' into where do we write the Email, Ana clicks on where do we write create an account, Ana clicks on where do we write Gender, Ana enters 'Ana' into where do we write First Name, Ana enters 'Arbelaez' into where do we write Last Name, Ana clicks on where do we write second email, Ana enters 'lana1234' into where do we write password, Ana clicks on where do we write the day of birth, Ana clicks on where do we write the day of birth, Ana clicks on where do we write the year of birth, Ana enters 'Street' into where do we write address, Ana enters 'Houston' into where do we write city, Ana clicks on where do we write the state, Ana enters '07636' into where do we write postcode, Ana clicks on where do we write country, Ana enters '32467256' into where do we write mobile_phone]]
[Test worker] WARN net.thucydides.core.steps.BaseStepListener - stepStarted: net.thucydides.core.steps.ExecutedStepDescription@37ca8c22
[Test worker] WARN net.thucydides.core.steps.BaseStepListener - stepFinished: current outcome:buy an T-Shirt in the pag new experience:Given than ana wants to enter the page new experience, When create account and search the T-shirt in the New Experience
| email | first_Name | last_name | password | day | month | year | address | city | state | postal_code | mobile_phone | address3 |
| lana13@hotmail.com | Ana | Arbelaez | lana1234 | 18 | 6 | 1995 | Street | Houston | 31 | 07636 | 32467256 | Street5 | [Ana sing in [Ana clicks on SING IN], Ana sign user [Ana enters 'lana13@hotmail.com' into where do we write the Email, Ana clicks on where do we write create an account, Ana clicks on where do we write Gender, Ana enters 'Ana' into where do we write First Name, Ana enters 'Arbelaez' into where do we write Last Name, Ana clicks on where do we write second email, Ana enters 'lana1234' into where do we write password, Ana clicks on where do we write the day of birth, Ana clicks on where do we write the day of birth, Ana clicks on where do we write the year of birth, Ana enters 'Street' into where do we write address, Ana enters 'Houston' into where do we write city, Ana clicks on where do we write the state, Ana enters '07636' into where do we write postcode, Ana clicks on where do we write country, Ana enters '32467256' into where do we write mobile_phone, Ana enters 'Street5' into where do we write ADDRESS3]]
[Test worker] WARN net.thucydides.core.steps.BaseStepListener - stepStarted: net.thucydides.core.steps.ExecutedStepDescription@6e60ad17
[Test worker] WARN net.thucydides.core.steps.BaseStepListener - stepFinished: current outcome:buy an T-Shirt in the pag new experience:Given than ana wants to enter the page new experience, When create account and search the T-shirt in the New Experience
| email | first_Name | last_name | password | day | month | year | address | city | state | postal_code | mobile_phone | address3 |
| lana13@hotmail.com | Ana | Arbelaez | lana1234 | 18 | 6 | 1995 | Street | Houston | 31 | 07636 | 32467256 | Street5 | [Ana sing in [Ana clicks on SING IN], Ana sign user [Ana enters 'lana13@hotmail.com' into where do we write the Email, Ana clicks on where do we write create an account, Ana clicks on where do we write Gender, Ana enters 'Ana' into where do we write First Name, Ana enters 'Arbelaez' into where do we write Last Name, Ana clicks on where do we write second email, Ana enters 'lana1234' into where do we write password, Ana clicks on where do we write the day of birth, Ana clicks on where do we write the day of birth, Ana clicks on where do we write the year of birth, Ana enters 'Street' into where do we write address, Ana enters 'Houston' into where do we write city, Ana clicks on where do we write the state, Ana enters '07636' into where do we write postcode, Ana clicks on where do we write country, Ana enters '32467256' into where do we write mobile_phone, Ana enters 'Street5' into where do we write ADDRESS3, Ana clicks on BTN REGISTER]]
[Test worker] WARN net.thucydides.core.steps.BaseStepListener - stepFinished: current outcome:buy an T-Shirt in the pag new experience:Given than ana wants to enter the page new experience, When create account and search the T-shirt in the New Experience
| email | first_Name | last_name | password | day | month | year | address | city | state | postal_code | mobile_phone | address3 |
| lana13@hotmail.com | Ana | Arbelaez | lana1234 | 18 | 6 | 1995 | Street | Houston | 31 | 07636 | 32467256 | Street5 | [Ana sing in [Ana clicks on SING IN], Ana sign user [Ana enters 'lana13@hotmail.com' into where do we write the Email, Ana clicks on where do we write create an account, Ana clicks on where do we write Gender, Ana enters 'Ana' into where do we write First Name, Ana enters 'Arbelaez' into where do we write Last Name, Ana clicks on where do we write second email, Ana enters 'lana1234' into where do we write password, Ana clicks on where do we write the day of birth, Ana clicks on where do we write the day of birth, Ana clicks on where do we write the year of birth, Ana enters 'Street' into where do we write address, Ana enters 'Houston' into where do we write city, Ana clicks on where do we write the state, Ana enters '07636' into where do we write postcode, Ana clicks on where do we write country, Ana enters '32467256' into where do we write mobile_phone, Ana enters 'Street5' into where do we write ADDRESS3, Ana clicks on BTN REGISTER]]
[Test worker] WARN net.thucydides.core.steps.BaseStepListener - stepStarted: net.thucydides.core.steps.ExecutedStepDescription@7d8971ea
[Test worker] WARN net.thucydides.core.steps.BaseStepListener - stepStarted: net.thucydides.core.steps.ExecutedStepDescription@843e0b
[Test worker] WARN net.thucydides.core.steps.BaseStepListener - stepFinished: current outcome:buy an T-Shirt in the pag new experience:Given than ana wants to enter the page new experience, When create account and search the T-shirt in the New Experience
| email | first_Name | last_name | password | day | month | year | address | city | state | postal_code | mobile_phone | address3 |
| lana13@hotmail.com | Ana | Arbelaez | lana1234 | 18 | 6 | 1995 | Street | Houston | 31 | 07636 | 32467256 | Street5 | [Ana sing in [Ana clicks on SING IN], Ana sign user [Ana enters 'lana13@hotmail.com' into where do we write the Email, Ana clicks on where do we write create an account, Ana clicks on where do we write Gender, Ana enters 'Ana' into where do we write First Name, Ana enters 'Arbelaez' into where do we write Last Name, Ana clicks on where do we write second email, Ana enters 'lana1234' into where do we write password, Ana clicks on where do we write the day of birth, Ana clicks on where do we write the day of birth, Ana clicks on where do we write the year of birth, Ana enters 'Street' into where do we write address, Ana enters 'Houston' into where do we write city, Ana clicks on where do we write the state, Ana enters '07636' into where do we write postcode, Ana clicks on where do we write country, Ana enters '32467256' into where do we write mobile_phone, Ana enters 'Street5' into where do we write ADDRESS3, Ana clicks on BTN REGISTER], Ana search t shirt [Ana clicks on Link T-Shirt]]
[Test worker] WARN net.thucydides.core.steps.BaseStepListener - stepStarted: net.thucydides.core.steps.ExecutedStepDescription@68e71d74
[Test worker] WARN net.thucydides.core.steps.BaseStepListener - stepFinished: current outcome:buy an T-Shirt in the pag new experience:Given than ana wants to enter the page new experience, When create account and search the T-shirt in the New Experience
| email | first_Name | last_name | password | day | month | year | address | city | state | postal_code | mobile_phone | address3 |
| lana13@hotmail.com | Ana | Arbelaez | lana1234 | 18 | 6 | 1995 | Street | Houston | 31 | 07636 | 32467256 | Street5 | [Ana sing in [Ana clicks on SING IN], Ana sign user [Ana enters 'lana13@hotmail.com' into where do we write the Email, Ana clicks on where do we write create an account, Ana clicks on where do we write Gender, Ana enters 'Ana' into where do we write First Name, Ana enters 'Arbelaez' into where do we write Last Name, Ana clicks on where do we write second email, Ana enters 'lana1234' into where do we write password, Ana clicks on where do we write the day of birth, Ana clicks on where do we write the day of birth, Ana clicks on where do we write the year of birth, Ana enters 'Street' into where do we write address, Ana enters 'Houston' into where do we write city, Ana clicks on where do we write the state, Ana enters '07636' into where do we write postcode, Ana clicks on where do we write country, Ana enters '32467256' into where do we write mobile_phone, Ana enters 'Street5' into where do we write ADDRESS3, Ana clicks on BTN REGISTER], Ana search t shirt [Ana clicks on Link T-Shirt, Ana clicks on Img of T-Shirt]]
[Test worker] WARN net.thucydides.core.steps.BaseStepListener - stepStarted: net.thucydides.core.steps.ExecutedStepDescription@79b102df
[Test worker] WARN net.thucydides.core.steps.BaseStepListener - stepFinished: current outcome:buy an T-Shirt in the pag new experience:Given than ana wants to enter the page new experience, When create account and search the T-shirt in the New Experience
| email | first_Name | last_name | password | day | month | year | address | city | state | postal_code | mobile_phone | address3 |
| lana13@hotmail.com | Ana | Arbelaez | lana1234 | 18 | 6 | 1995 | Street | Houston | 31 | 07636 | 32467256 | Street5 | [Ana sing in [Ana clicks on SING IN], Ana sign user [Ana enters 'lana13@hotmail.com' into where do we write the Email, Ana clicks on where do we write create an account, Ana clicks on where do we write Gender, Ana enters 'Ana' into where do we write First Name, Ana enters 'Arbelaez' into where do we write Last Name, Ana clicks on where do we write second email, Ana enters 'lana1234' into where do we write password, Ana clicks on where do we write the day of birth, Ana clicks on where do we write the day of birth, Ana clicks on where do we write the year of birth, Ana enters 'Street' into where do we write address, Ana enters 'Houston' into where do we write city, Ana clicks on where do we write the state, Ana enters '07636' into where do we write postcode, Ana clicks on where do we write country, Ana enters '32467256' into where do we write mobile_phone, Ana enters 'Street5' into where do we write ADDRESS3, Ana clicks on BTN REGISTER], Ana search t shirt [Ana clicks on Link T-Shirt, Ana clicks on Img of T-Shirt, Ana clicks on Add Cart]]
[Test worker] WARN net.thucydides.core.steps.BaseStepListener - stepFinished: current outcome:buy an T-Shirt in the pag new experience:Given than ana wants to enter the page new experience, When create account and search the T-shirt in the New Experience
| email | first_Name | last_name | password | day | month | year | address | city | state | postal_code | mobile_phone | address3 |
| lana13@hotmail.com | Ana | Arbelaez | lana1234 | 18 | 6 | 1995 | Street | Houston | 31 | 07636 | 32467256 | Street5 | [Ana sing in [Ana clicks on SING IN], Ana sign user [Ana enters 'lana13@hotmail.com' into where do we write the Email, Ana clicks on where do we write create an account, Ana clicks on where do we write Gender, Ana enters 'Ana' into where do we write First Name, Ana enters 'Arbelaez' into where do we write Last Name, Ana clicks on where do we write second email, Ana enters 'lana1234' into where do we write password, Ana clicks on where do we write the day of birth, Ana clicks on where do we write the day of birth, Ana clicks on where do we write the year of birth, Ana enters 'Street' into where do we write address, Ana enters 'Houston' into where do we write city, Ana clicks on where do we write the state, Ana enters '07636' into where do we write postcode, Ana clicks on where do we write country, Ana enters '32467256' into where do we write mobile_phone, Ana enters 'Street5' into where do we write ADDRESS3, Ana clicks on BTN REGISTER], Ana search t shirt [Ana clicks on Link T-Shirt, Ana clicks on Img of T-Shirt, Ana clicks on Add Cart]]
[Test worker] WARN net.thucydides.core.steps.BaseStepListener - stepStarted: net.thucydides.core.steps.ExecutedStepDescription@37a72fd1
[Test worker] WARN net.thucydides.core.steps.BaseStepListener - stepStarted: net.thucydides.core.steps.ExecutedStepDescription@3b8a5a61
[Test worker] WARN net.thucydides.core.steps.BaseStepListener - stepFinished: current outcome:buy an T-Shirt in the pag new experience:Given than ana wants to enter the page new experience, When create account and search the T-shirt in the New Experience
| email | first_Name | last_name | password | day | month | year | address | city | state | postal_code | mobile_phone | address3 |
| lana13@hotmail.com | Ana | Arbelaez | lana1234 | 18 | 6 | 1995 | Street | Houston | 31 | 07636 | 32467256 | Street5 | [Ana sing in [Ana clicks on SING IN], Ana sign user [Ana enters 'lana13@hotmail.com' into where do we write the Email, Ana clicks on where do we write create an account, Ana clicks on where do we write Gender, Ana enters 'Ana' into where do we write First Name, Ana enters 'Arbelaez' into where do we write Last Name, Ana clicks on where do we write second email, Ana enters 'lana1234' into where do we write password, Ana clicks on where do we write the day of birth, Ana clicks on where do we write the day of birth, Ana clicks on where do we write the year of birth, Ana enters 'Street' into where do we write address, Ana enters 'Houston' into where do we write city, Ana clicks on where do we write the state, Ana enters '07636' into where do we write postcode, Ana clicks on where do we write country, Ana enters '32467256' into where do we write mobile_phone, Ana enters 'Street5' into where do we write ADDRESS3, Ana clicks on BTN REGISTER], Ana search t shirt [Ana clicks on Link T-Shirt, Ana clicks on Img of T-Shirt, Ana clicks on Add Cart], Ana register t shirt [Ana clicks on Checkout]]
[Test worker] WARN net.thucydides.core.steps.BaseStepListener - stepStarted: net.thucydides.core.steps.ExecutedStepDescription@61a2f8c7
[Test worker] WARN net.thucydides.core.steps.BaseStepListener - stepFinished: current outcome:buy an T-Shirt in the pag new experience:Given than ana wants to enter the page new experience, When create account and search the T-shirt in the New Experience
| email | first_Name | last_name | password | day | month | year | address | city | state | postal_code | mobile_phone | address3 |
| lana13@hotmail.com | Ana | Arbelaez | lana1234 | 18 | 6 | 1995 | Street | Houston | 31 | 07636 | 32467256 | Street5 | [Ana sing in [Ana clicks on SING IN], Ana sign user [Ana enters 'lana13@hotmail.com' into where do we write the Email, Ana clicks on where do we write create an account, Ana clicks on where do we write Gender, Ana enters 'Ana' into where do we write First Name, Ana enters 'Arbelaez' into where do we write Last Name, Ana clicks on where do we write second email, Ana enters 'lana1234' into where do we write password, Ana clicks on where do we write the day of birth, Ana clicks on where do we write the day of birth, Ana clicks on where do we write the year of birth, Ana enters 'Street' into where do we write address, Ana enters 'Houston' into where do we write city, Ana clicks on where do we write the state, Ana enters '07636' into where do we write postcode, Ana clicks on where do we write country, Ana enters '32467256' into where do we write mobile_phone, Ana enters 'Street5' into where do we write ADDRESS3, Ana clicks on BTN REGISTER], Ana search t shirt [Ana clicks on Link T-Shirt, Ana clicks on Img of T-Shirt, Ana clicks on Add Cart], Ana register t shirt [Ana clicks on Checkout, Ana clicks on Checkout]]
[Test worker] WARN net.thucydides.core.steps.BaseStepListener - stepFinished: current outcome:buy an T-Shirt in the pag new experience:Given than ana wants to enter the page new experience, When create account and search the T-shirt in the New Experience
| email | first_Name | last_name | password | day | month | year | address | city | state | postal_code | mobile_phone | address3 |
| lana13@hotmail.com | Ana | Arbelaez | lana1234 | 18 | 6 | 1995 | Street | Houston | 31 | 07636 | 32467256 | Street5 | [Ana sing in [Ana clicks on SING IN], Ana sign user [Ana enters 'lana13@hotmail.com' into where do we write the Email, Ana clicks on where do we write create an account, Ana clicks on where do we write Gender, Ana enters 'Ana' into where do we write First Name, Ana enters 'Arbelaez' into where do we write Last Name, Ana clicks on where do we write second email, Ana enters 'lana1234' into where do we write password, Ana clicks on where do we write the day of birth, Ana clicks on where do we write the day of birth, Ana clicks on where do we write the year of birth, Ana enters 'Street' into where do we write address, Ana enters 'Houston' into where do we write city, Ana clicks on where do we write the state, Ana enters '07636' into where do we write postcode, Ana clicks on where do we write country, Ana enters '32467256' into where do we write mobile_phone, Ana enters 'Street5' into where do we write ADDRESS3, Ana clicks on BTN REGISTER], Ana search t shirt [Ana clicks on Link T-Shirt, Ana clicks on Img of T-Shirt, Ana clicks on Add Cart], Ana register t shirt [Ana clicks on Checkout, Ana clicks on Checkout]]
[Test worker] WARN net.thucydides.core.steps.BaseStepListener - stepStarted: net.thucydides.core.steps.ExecutedStepDescription@43f67e6f
[Test worker] WARN net.thucydides.core.steps.BaseStepListener - stepStarted: net.thucydides.core.steps.ExecutedStepDescription@35a1b894
[Test worker] WARN net.thucydides.core.steps.BaseStepListener - stepFinished: current outcome:buy an T-Shirt in the pag new experience:Given than ana wants to enter the page new experience, When create account and search the T-shirt in the New Experience
| email | first_Name | last_name | password | day | month | year | address | city | state | postal_code | mobile_phone | address3 |
| lana13@hotmail.com | Ana | Arbelaez | lana1234 | 18 | 6 | 1995 | Street | Houston | 31 | 07636 | 32467256 | Street5 | [Ana sing in [Ana clicks on SING IN], Ana sign user [Ana enters 'lana13@hotmail.com' into where do we write the Email, Ana clicks on where do we write create an account, Ana clicks on where do we write Gender, Ana enters 'Ana' into where do we write First Name, Ana enters 'Arbelaez' into where do we write Last Name, Ana clicks on where do we write second email, Ana enters 'lana1234' into where do we write password, Ana clicks on where do we write the day of birth, Ana clicks on where do we write the day of birth, Ana clicks on where do we write the year of birth, Ana enters 'Street' into where do we write address, Ana enters 'Houston' into where do we write city, Ana clicks on where do we write the state, Ana enters '07636' into where do we write postcode, Ana clicks on where do we write country, Ana enters '32467256' into where do we write mobile_phone, Ana enters 'Street5' into where do we write ADDRESS3, Ana clicks on BTN REGISTER], Ana search t shirt [Ana clicks on Link T-Shirt, Ana clicks on Img of T-Shirt, Ana clicks on Add Cart], Ana register t shirt [Ana clicks on Checkout, Ana clicks on Checkout], Ana address [Ana clicks on Checkout]]
[Test worker] WARN net.thucydides.core.steps.BaseStepListener - stepFinished: current outcome:buy an T-Shirt in the pag new experience:Given than ana wants to enter the page new experience, When create account and search the T-shirt in the New Experience
| email | first_Name | last_name | password | day | month | year | address | city | state | postal_code | mobile_phone | address3 |
| lana13@hotmail.com | Ana | Arbelaez | lana1234 | 18 | 6 | 1995 | Street | Houston | 31 | 07636 | 32467256 | Street5 | [Ana sing in [Ana clicks on SING IN], Ana sign user [Ana enters 'lana13@hotmail.com' into where do we write the Email, Ana clicks on where do we write create an account, Ana clicks on where do we write Gender, Ana enters 'Ana' into where do we write First Name, Ana enters 'Arbelaez' into where do we write Last Name, Ana clicks on where do we write second email, Ana enters 'lana1234' into where do we write password, Ana clicks on where do we write the day of birth, Ana clicks on where do we write the day of birth, Ana clicks on where do we write the year of birth, Ana enters 'Street' into where do we write address, Ana enters 'Houston' into where do we write city, Ana clicks on where do we write the state, Ana enters '07636' into where do we write postcode, Ana clicks on where do we write country, Ana enters '32467256' into where do we write mobile_phone, Ana enters 'Street5' into where do we write ADDRESS3, Ana clicks on BTN REGISTER], Ana search t shirt [Ana clicks on Link T-Shirt, Ana clicks on Img of T-Shirt, Ana clicks on Add Cart], Ana register t shirt [Ana clicks on Checkout, Ana clicks on Checkout], Ana address [Ana clicks on Checkout]]
[Test worker] WARN net.thucydides.core.steps.BaseStepListener - stepStarted: net.thucydides.core.steps.ExecutedStepDescription@3af3ebef
[Test worker] WARN net.thucydides.core.steps.BaseStepListener - stepStarted: net.thucydides.core.steps.ExecutedStepDescription@6afddc1e
[Test worker] WARN net.thucydides.core.steps.BaseStepListener - stepFinished: current outcome:buy an T-Shirt in the pag new experience:Given than ana wants to enter the page new experience, When create account and search the T-shirt in the New Experience
| email | first_Name | last_name | password | day | month | year | address | city | state | postal_code | mobile_phone | address3 |
| lana13@hotmail.com | Ana | Arbelaez | lana1234 | 18 | 6 | 1995 | Street | Houston | 31 | 07636 | 32467256 | Street5 | [Ana sing in [Ana clicks on SING IN], Ana sign user [Ana enters 'lana13@hotmail.com' into where do we write the Email, Ana clicks on where do we write create an account, Ana clicks on where do we write Gender, Ana enters 'Ana' into where do we write First Name, Ana enters 'Arbelaez' into where do we write Last Name, Ana clicks on where do we write second email, Ana enters 'lana1234' into where do we write password, Ana clicks on where do we write the day of birth, Ana clicks on where do we write the day of birth, Ana clicks on where do we write the year of birth, Ana enters 'Street' into where do we write address, Ana enters 'Houston' into where do we write city, Ana clicks on where do we write the state, Ana enters '07636' into where do we write postcode, Ana clicks on where do we write country, Ana enters '32467256' into where do we write mobile_phone, Ana enters 'Street5' into where do we write ADDRESS3, Ana clicks on BTN REGISTER], Ana search t shirt [Ana clicks on Link T-Shirt, Ana clicks on Img of T-Shirt, Ana clicks on Add Cart], Ana register t shirt [Ana clicks on Checkout, Ana clicks on Checkout], Ana address [Ana clicks on Checkout], Ana send dress [Ana clicks on where do we write TERMS_OF_SERVICE]]
[Test worker] WARN net.thucydides.core.steps.BaseStepListener - stepStarted: net.thucydides.core.steps.ExecutedStepDescription@22ea7bc2
[Test worker] WARN net.thucydides.core.steps.BaseStepListener - stepFinished: current outcome:buy an T-Shirt in the pag new experience:Given than ana wants to enter the page new experience, When create account and search the T-shirt in the New Experience
| email | first_Name | last_name | password | day | month | year | address | city | state | postal_code | mobile_phone | address3 |
| lana13@hotmail.com | Ana | Arbelaez | lana1234 | 18 | 6 | 1995 | Street | Houston | 31 | 07636 | 32467256 | Street5 | [Ana sing in [Ana clicks on SING IN], Ana sign user [Ana enters 'lana13@hotmail.com' into where do we write the Email, Ana clicks on where do we write create an account, Ana clicks on where do we write Gender, Ana enters 'Ana' into where do we write First Name, Ana enters 'Arbelaez' into where do we write Last Name, Ana clicks on where do we write second email, Ana enters 'lana1234' into where do we write password, Ana clicks on where do we write the day of birth, Ana clicks on where do we write the day of birth, Ana clicks on where do we write the year of birth, Ana enters 'Street' into where do we write address, Ana enters 'Houston' into where do we write city, Ana clicks on where do we write the state, Ana enters '07636' into where do we write postcode, Ana clicks on where do we write country, Ana enters '32467256' into where do we write mobile_phone, Ana enters 'Street5' into where do we write ADDRESS3, Ana clicks on BTN REGISTER], Ana search t shirt [Ana clicks on Link T-Shirt, Ana clicks on Img of T-Shirt, Ana clicks on Add Cart], Ana register t shirt [Ana clicks on Checkout, Ana clicks on Checkout], Ana address [Ana clicks on Checkout], Ana send dress [Ana clicks on where do we write TERMS_OF_SERVICE, Ana clicks on Checkout]]
[Test worker] WARN net.thucydides.core.steps.BaseStepListener - stepFinished: current outcome:buy an T-Shirt in the pag new experience:Given than ana wants to enter the page new experience, When create account and search the T-shirt in the New Experience
| email | first_Name | last_name | password | day | month | year | address | city | state | postal_code | mobile_phone | address3 |
| lana13@hotmail.com | Ana | Arbelaez | lana1234 | 18 | 6 | 1995 | Street | Houston | 31 | 07636 | 32467256 | Street5 | [Ana sing in [Ana clicks on SING IN], Ana sign user [Ana enters 'lana13@hotmail.com' into where do we write the Email, Ana clicks on where do we write create an account, Ana clicks on where do we write Gender, Ana enters 'Ana' into where do we write First Name, Ana enters 'Arbelaez' into where do we write Last Name, Ana clicks on where do we write second email, Ana enters 'lana1234' into where do we write password, Ana clicks on where do we write the day of birth, Ana clicks on where do we write the day of birth, Ana clicks on where do we write the year of birth, Ana enters 'Street' into where do we write address, Ana enters 'Houston' into where do we write city, Ana clicks on where do we write the state, Ana enters '07636' into where do we write postcode, Ana clicks on where do we write country, Ana enters '32467256' into where do we write mobile_phone, Ana enters 'Street5' into where do we write ADDRESS3, Ana clicks on BTN REGISTER], Ana search t shirt [Ana clicks on Link T-Shirt, Ana clicks on Img of T-Shirt, Ana clicks on Add Cart], Ana register t shirt [Ana clicks on Checkout, Ana clicks on Checkout], Ana address [Ana clicks on Checkout], Ana send dress [Ana clicks on where do we write TERMS_OF_SERVICE, Ana clicks on Checkout]]
[Test worker] WARN net.thucydides.core.steps.BaseStepListener - stepStarted: net.thucydides.core.steps.ExecutedStepDescription@6eb5a5b3
[Test worker] WARN net.thucydides.core.steps.BaseStepListener - stepStarted: net.thucydides.core.steps.ExecutedStepDescription@33c0c6d8
[Test worker] WARN net.thucydides.core.steps.BaseStepListener - stepFinished: current outcome:buy an T-Shirt in the pag new experience:Given than ana wants to enter the page new experience, When create account and search the T-shirt in the New Experience
| email | first_Name | last_name | password | day | month | year | address | city | state | postal_code | mobile_phone | address3 |
| lana13@hotmail.com | Ana | Arbelaez | lana1234 | 18 | 6 | 1995 | Street | Houston | 31 | 07636 | 32467256 | Street5 | [Ana sing in [Ana clicks on SING IN], Ana sign user [Ana enters 'lana13@hotmail.com' into where do we write the Email, Ana clicks on where do we write create an account, Ana clicks on where do we write Gender, Ana enters 'Ana' into where do we write First Name, Ana enters 'Arbelaez' into where do we write Last Name, Ana clicks on where do we write second email, Ana enters 'lana1234' into where do we write password, Ana clicks on where do we write the day of birth, Ana clicks on where do we write the day of birth, Ana clicks on where do we write the year of birth, Ana enters 'Street' into where do we write address, Ana enters 'Houston' into where do we write city, Ana clicks on where do we write the state, Ana enters '07636' into where do we write postcode, Ana clicks on where do we write country, Ana enters '32467256' into where do we write mobile_phone, Ana enters 'Street5' into where do we write ADDRESS3, Ana clicks on BTN REGISTER], Ana search t shirt [Ana clicks on Link T-Shirt, Ana clicks on Img of T-Shirt, Ana clicks on Add Cart], Ana register t shirt [Ana clicks on Checkout, Ana clicks on Checkout], Ana address [Ana clicks on Checkout], Ana send dress [Ana clicks on where do we write TERMS_OF_SERVICE, Ana clicks on Checkout], Ana pay [Ana clicks on Order Processing]]
[Test worker] WARN net.thucydides.core.steps.BaseStepListener - stepStarted: net.thucydides.core.steps.ExecutedStepDescription@52bc2838
[Test worker] WARN net.thucydides.core.steps.BaseStepListener - stepFinished: current outcome:buy an T-Shirt in the pag new experience:Given than ana wants to enter the page new experience, When create account and search the T-shirt in the New Experience
| email | first_Name | last_name | password | day | month | year | address | city | state | postal_code | mobile_phone | address3 |
| lana13@hotmail.com | Ana | Arbelaez | lana1234 | 18 | 6 | 1995 | Street | Houston | 31 | 07636 | 32467256 | Street5 | [Ana sing in [Ana clicks on SING IN], Ana sign user [Ana enters 'lana13@hotmail.com' into where do we write the Email, Ana clicks on where do we write create an account, Ana clicks on where do we write Gender, Ana enters 'Ana' into where do we write First Name, Ana enters 'Arbelaez' into where do we write Last Name, Ana clicks on where do we write second email, Ana enters 'lana1234' into where do we write password, Ana clicks on where do we write the day of birth, Ana clicks on where do we write the day of birth, Ana clicks on where do we write the year of birth, Ana enters 'Street' into where do we write address, Ana enters 'Houston' into where do we write city, Ana clicks on where do we write the state, Ana enters '07636' into where do we write postcode, Ana clicks on where do we write country, Ana enters '32467256' into where do we write mobile_phone, Ana enters 'Street5' into where do we write ADDRESS3, Ana clicks on BTN REGISTER], Ana search t shirt [Ana clicks on Link T-Shirt, Ana clicks on Img of T-Shirt, Ana clicks on Add Cart], Ana register t shirt [Ana clicks on Checkout, Ana clicks on Checkout], Ana address [Ana clicks on Checkout], Ana send dress [Ana clicks on where do we write TERMS_OF_SERVICE, Ana clicks on Checkout], Ana pay [Ana clicks on Order Processing, Ana clicks on Confirm Order]]
[Test worker] WARN net.thucydides.core.steps.BaseStepListener - stepFinished: current outcome:buy an T-Shirt in the pag new experience:Given than ana wants to enter the page new experience, When create account and search the T-shirt in the New Experience
| email | first_Name | last_name | password | day | month | year | address | city | state | postal_code | mobile_phone | address3 |
| lana13@hotmail.com | Ana | Arbelaez | lana1234 | 18 | 6 | 1995 | Street | Houston | 31 | 07636 | 32467256 | Street5 | [Ana sing in [Ana clicks on SING IN], Ana sign user [Ana enters 'lana13@hotmail.com' into where do we write the Email, Ana clicks on where do we write create an account, Ana clicks on where do we write Gender, Ana enters 'Ana' into where do we write First Name, Ana enters 'Arbelaez' into where do we write Last Name, Ana clicks on where do we write second email, Ana enters 'lana1234' into where do we write password, Ana clicks on where do we write the day of birth, Ana clicks on where do we write the day of birth, Ana clicks on where do we write the year of birth, Ana enters 'Street' into where do we write address, Ana enters 'Houston' into where do we write city, Ana clicks on where do we write the state, Ana enters '07636' into where do we write postcode, Ana clicks on where do we write country, Ana enters '32467256' into where do we write mobile_phone, Ana enters 'Street5' into where do we write ADDRESS3, Ana clicks on BTN REGISTER], Ana search t shirt [Ana clicks on Link T-Shirt, Ana clicks on Img of T-Shirt, Ana clicks on Add Cart], Ana register t shirt [Ana clicks on Checkout, Ana clicks on Checkout], Ana address [Ana clicks on Checkout], Ana send dress [Ana clicks on where do we write TERMS_OF_SERVICE, Ana clicks on Checkout], Ana pay [Ana clicks on Order Processing, Ana clicks on Confirm Order]]
[Test worker] WARN net.thucydides.core.steps.BaseStepListener - stepFinished: current outcome:buy an T-Shirt in the pag new experience:Given than ana wants to enter the page new experience, When create account and search the T-shirt in the New Experience
| email | first_Name | last_name | password | day | month | year | address | city | state | postal_code | mobile_phone | address3 |
| lana13@hotmail.com | Ana | Arbelaez | lana1234 | 18 | 6 | 1995 | Street | Houston | 31 | 07636 | 32467256 | Street5 | [Ana sing in [Ana clicks on SING IN], Ana sign user [Ana enters 'lana13@hotmail.com' into where do we write the Email, Ana clicks on where do we write create an account, Ana clicks on where do we write Gender, Ana enters 'Ana' into where do we write First Name, Ana enters 'Arbelaez' into where do we write Last Name, Ana clicks on where do we write second email, Ana enters 'lana1234' into where do we write password, Ana clicks on where do we write the day of birth, Ana clicks on where do we write the day of birth, Ana clicks on where do we write the year of birth, Ana enters 'Street' into where do we write address, Ana enters 'Houston' into where do we write city, Ana clicks on where do we write the state, Ana enters '07636' into where do we write postcode, Ana clicks on where do we write country, Ana enters '32467256' into where do we write mobile_phone, Ana enters 'Street5' into where do we write ADDRESS3, Ana clicks on BTN REGISTER], Ana search t shirt [Ana clicks on Link T-Shirt, Ana clicks on Img of T-Shirt, Ana clicks on Add Cart], Ana register t shirt [Ana clicks on Checkout, Ana clicks on Checkout], Ana address [Ana clicks on Checkout], Ana send dress [Ana clicks on where do we write TERMS_OF_SERVICE, Ana clicks on Checkout], Ana pay [Ana clicks on Order Processing, Ana clicks on Confirm Order]]
[Test worker] WARN net.thucydides.core.steps.BaseStepListener - stepStarted: net.thucydides.core.steps.ExecutedStepDescription@1f6f1caa
[Test worker] WARN net.thucydides.core.steps.BaseStepListener - stepStarted: net.thucydides.core.steps.ExecutedStepDescription@5f84ef06
[Test worker] WARN net.thucydides.core.steps.BaseStepListener - stepFinished: current outcome:buy an T-Shirt in the pag new experience:Given than ana wants to enter the page new experience, When create account and search the T-shirt in the New Experience
| email | first_Name | last_name | password | day | month | year | address | city | state | postal_code | mobile_phone | address3 |
| lana13@hotmail.com | Ana | Arbelaez | lana1234 | 18 | 6 | 1995 | Street | Houston | 31 | 07636 | 32467256 | Street5 | [Ana sing in [Ana clicks on SING IN], Ana sign user [Ana enters 'lana13@hotmail.com' into where do we write the Email, Ana clicks on where do we write create an account, Ana clicks on where do we write Gender, Ana enters 'Ana' into where do we write First Name, Ana enters 'Arbelaez' into where do we write Last Name, Ana clicks on where do we write second email, Ana enters 'lana1234' into where do we write password, Ana clicks on where do we write the day of birth, Ana clicks on where do we write the day of birth, Ana clicks on where do we write the year of birth, Ana enters 'Street' into where do we write address, Ana enters 'Houston' into where do we write city, Ana clicks on where do we write the state, Ana enters '07636' into where do we write postcode, Ana clicks on where do we write country, Ana enters '32467256' into where do we write mobile_phone, Ana enters 'Street5' into where do we write ADDRESS3, Ana clicks on BTN REGISTER], Ana search t shirt [Ana clicks on Link T-Shirt, Ana clicks on Img of T-Shirt, Ana clicks on Add Cart], Ana register t shirt [Ana clicks on Checkout, Ana clicks on Checkout], Ana address [Ana clicks on Checkout], Ana send dress [Ana clicks on where do we write TERMS_OF_SERVICE, Ana clicks on Checkout], Ana pay [Ana clicks on Order Processing, Ana clicks on Confirm Order]], Then She finds the T-Shirt called Faded Short Sleeve T-shirts
| message |
| Your order on My Store is complete. | [Then answer]
[Test worker] WARN net.thucydides.core.steps.BaseStepListener - stepFinished: current outcome:buy an T-Shirt in the pag new experience:Given than ana wants to enter the page new experience, When create account and search the T-shirt in the New Experience
| email | first_Name | last_name | password | day | month | year | address | city | state | postal_code | mobile_phone | address3 |
| lana13@hotmail.com | Ana | Arbelaez | lana1234 | 18 | 6 | 1995 | Street | Houston | 31 | 07636 | 32467256 | Street5 | [Ana sing in [Ana clicks on SING IN], Ana sign user [Ana enters 'lana13@hotmail.com' into where do we write the Email, Ana clicks on where do we write create an account, Ana clicks on where do we write Gender, Ana enters 'Ana' into where do we write First Name, Ana enters 'Arbelaez' into where do we write Last Name, Ana clicks on where do we write second email, Ana enters 'lana1234' into where do we write password, Ana clicks on where do we write the day of birth, Ana clicks on where do we write the day of birth, Ana clicks on where do we write the year of birth, Ana enters 'Street' into where do we write address, Ana enters 'Houston' into where do we write city, Ana clicks on where do we write the state, Ana enters '07636' into where do we write postcode, Ana clicks on where do we write country, Ana enters '32467256' into where do we write mobile_phone, Ana enters 'Street5' into where do we write ADDRESS3, Ana clicks on BTN REGISTER], Ana search t shirt [Ana clicks on Link T-Shirt, Ana clicks on Img of T-Shirt, Ana clicks on Add Cart], Ana register t shirt [Ana clicks on Checkout, Ana clicks on Checkout], Ana address [Ana clicks on Checkout], Ana send dress [Ana clicks on where do we write TERMS_OF_SERVICE, Ana clicks on Checkout], Ana pay [Ana clicks on Order Processing, Ana clicks on Confirm Order]], Then She finds the T-Shirt called Faded Short Sleeve T-shirts
| message |
| Your order on My Store is complete. | [Then answer]
[Test worker] WARN net.thucydides.core.steps.BaseStepListener - testFinished: buy an T-Shirt in the pag new experience:Given than ana wants to enter the page new experience, When create account and search the T-shirt in the New Experience
| email | first_Name | last_name | password | day | month | year | address | city | state | postal_code | mobile_phone | address3 |
| lana13@hotmail.com | Ana | Arbelaez | lana1234 | 18 | 6 | 1995 | Street | Houston | 31 | 07636 | 32467256 | Street5 | [Ana sing in [Ana clicks on SING IN], Ana sign user [Ana enters 'lana13@hotmail.com' into where do we write the Email, Ana clicks on where do we write create an account, Ana clicks on where do we write Gender, Ana enters 'Ana' into where do we write First Name, Ana enters 'Arbelaez' into where do we write Last Name, Ana clicks on where do we write second email, Ana enters 'lana1234' into where do we write password, Ana clicks on where do we write the day of birth, Ana clicks on where do we write the day of birth, Ana clicks on where do we write the year of birth, Ana enters 'Street' into where do we write address, Ana enters 'Houston' into where do we write city, Ana clicks on where do we write the state, Ana enters '07636' into where do we write postcode, Ana clicks on where do we write country, Ana enters '32467256' into where do we write mobile_phone, Ana enters 'Street5' into where do we write ADDRESS3, Ana clicks on BTN REGISTER], Ana search t shirt [Ana clicks on Link T-Shirt, Ana clicks on Img of T-Shirt, Ana clicks on Add Cart], Ana register t shirt [Ana clicks on Checkout, Ana clicks on Checkout], Ana address [Ana clicks on Checkout], Ana send dress [Ana clicks on where do we write TERMS_OF_SERVICE, Ana clicks on Checkout], Ana pay [Ana clicks on Order Processing, Ana clicks on Confirm Order]], Then She finds the T-Shirt called Faded Short Sleeve T-shirts
| message |
| Your order on My Store is complete. | [Then answer]
[Test worker] WARN net.thucydides.core.steps.BaseStepListener - TestOutcomes: [buy an T-Shirt in the pag new experience:Given than ana wants to enter the page new experience, When create account and search the T-shirt in the New Experience
| email | first_Name | last_name | password | day | month | year | address | city | state | postal_code | mobile_phone | address3 |
| lana13@hotmail.com | Ana | Arbelaez | lana1234 | 18 | 6 | 1995 | Street | Houston | 31 | 07636 | 32467256 | Street5 | [Ana sing in [Ana clicks on SING IN], Ana sign user [Ana enters 'lana13@hotmail.com' into where do we write the Email, Ana clicks on where do we write create an account, Ana clicks on where do we write Gender, Ana enters 'Ana' into where do we write First Name, Ana enters 'Arbelaez' into where do we write Last Name, Ana clicks on where do we write second email, Ana enters 'lana1234' into where do we write password, Ana clicks on where do we write the day of birth, Ana clicks on where do we write the day of birth, Ana clicks on where do we write the year of birth, Ana enters 'Street' into where do we write address, Ana enters 'Houston' into where do we write city, Ana clicks on where do we write the state, Ana enters '07636' into where do we write postcode, Ana clicks on where do we write country, Ana enters '32467256' into where do we write mobile_phone, Ana enters 'Street5' into where do we write ADDRESS3, Ana clicks on BTN REGISTER], Ana search t shirt [Ana clicks on Link T-Shirt, Ana clicks on Img of T-Shirt, Ana clicks on Add Cart], Ana register t shirt [Ana clicks on Checkout, Ana clicks on Checkout], Ana address [Ana clicks on Checkout], Ana send dress [Ana clicks on where do we write TERMS_OF_SERVICE, Ana clicks on Checkout], Ana pay [Ana clicks on Order Processing, Ana clicks on Confirm Order]], Then She finds the T-Shirt called Faded Short Sleeve T-shirts
| message |
| Your order on My Store is complete. | [Then answer]]
[Test worker] WARN net.thucydides.core.steps.BaseStepListener - Final testOutcomes: [buy an T-Shirt in the pag new experience:Given than ana wants to enter the page new experience, When create account and search the T-shirt in the New Experience
| email | first_Name | last_name | password | day | month | year | address | city | state | postal_code | mobile_phone | address3 |
| lana13@hotmail.com | Ana | Arbelaez | lana1234 | 18 | 6 | 1995 | Street | Houston | 31 | 07636 | 32467256 | Street5 | [Ana sing in [Ana clicks on SING IN], Ana sign user [Ana enters 'lana13@hotmail.com' into where do we write the Email, Ana clicks on where do we write create an account, Ana clicks on where do we write Gender, Ana enters 'Ana' into where do we write First Name, Ana enters 'Arbelaez' into where do we write Last Name, Ana clicks on where do we write second email, Ana enters 'lana1234' into where do we write password, Ana clicks on where do we write the day of birth, Ana clicks on where do we write the day of birth, Ana clicks on where do we write the year of birth, Ana enters 'Street' into where do we write address, Ana enters 'Houston' into where do we write city, Ana clicks on where do we write the state, Ana enters '07636' into where do we write postcode, Ana clicks on where do we write country, Ana enters '32467256' into where do we write mobile_phone, Ana enters 'Street5' into where do we write ADDRESS3, Ana clicks on BTN REGISTER], Ana search t shirt [Ana clicks on Link T-Shirt, Ana clicks on Img of T-Shirt, Ana clicks on Add Cart], Ana register t shirt [Ana clicks on Checkout, Ana clicks on Checkout], Ana address [Ana clicks on Checkout], Ana send dress [Ana clicks on where do we write TERMS_OF_SERVICE, Ana clicks on Checkout], Ana pay [Ana clicks on Order Processing, Ana clicks on Confirm Order]], Then She finds the T-Shirt called Faded Short Sleeve T-shirts
| message |
| Your order on My Store is complete. | [Then answer]]
[Test worker] INFO net.thucydides.core.steps.ConsoleLoggingListener - 
        __    _____ _____ ____ _____   ____   _    ____  ____  _____ ____  
  _     \ \  |_   _| ____/ ___|_   _| |  _ \ / \  / ___|/ ___|| ____|  _ \ 
 (_)_____| |   | | |  _| \___ \ | |   | |_) / _ \ \___ \\___ \|  _| | | | |
  _|_____| |   | | | |___ ___) || |   |  __/ ___ \ ___) |___) | |___| |_| |
 (_)     | |   |_| |_____|____/ |_|   |_| /_/   \_\____/|____/|_____|____/ 
        /_/                                                                

TEST PASSED: buy an T-Shirt in the pag new experience
----------------------------------------------------------------------------
]]></system-err>
</testsuite>
